<component name="libraryTable">
  <library name="junit-jupiter-api-5.0.0-M1">
    <CLASSES>
      <root url="jar://$USER_HOME$/Downloads/junit-jupiter-api-5.0.0-M1.jar!/" />
      <root url="file://$PROJECT_DIR$/../.." />
    </CLASSES>
    <JAVADOC />
    <SOURCES>
      <root url="file://$PROJECT_DIR$/../library-2025/src" />
      <root url="file://$PROJECT_DIR$/src" />
      <root url="file://$PROJECT_DIR$/../student-2025/src" />
      <root url="file://$PROJECT_DIR$/../student-managment-2025-1/src" />
      <root url="file://$PROJECT_DIR$/../student-managment-2025/src" />
      <root url="file://$PROJECT_DIR$/../test/src" />
    </SOURCES>
  </library>
</component>